2022-05-15 12:38:51.416  INFO 17600 --- [main] m.s.utils.RedisIDGeneratorTest           : Starting RedisIDGeneratorTest using Java 16.0.2 on mao with PID 17600 (started by mao in H:\程序\大三下期\spring_boot_redis_hmdp全局id生成器)
2022-05-15 12:38:51.422 DEBUG 17600 --- [main] m.s.utils.RedisIDGeneratorTest           : Running with Spring Boot v2.6.7, Spring v5.3.19
2022-05-15 12:38:51.423  INFO 17600 --- [main] m.s.utils.RedisIDGeneratorTest           : The following 1 profile is active: "dev"
2022-05-15 12:38:52.176  INFO 17600 --- [main] .s.d.r.c.RepositoryConfigurationDelegate : Multiple Spring Data modules found, entering strict repository configuration mode!
2022-05-15 12:38:52.181  INFO 17600 --- [main] .s.d.r.c.RepositoryConfigurationDelegate : Bootstrapping Spring Data Redis repositories in DEFAULT mode.
2022-05-15 12:38:52.217  INFO 17600 --- [main] .s.d.r.c.RepositoryConfigurationDelegate : Finished Spring Data repository scanning in 17 ms. Found 0 Redis repository interfaces.
2022-05-15 12:38:53.129  INFO 17600 --- [main] c.a.d.s.b.a.DruidDataSourceAutoConfigure : Init DruidDataSource
2022-05-15 12:38:53.431  INFO 17600 --- [main] com.alibaba.druid.pool.DruidDataSource   : {dataSource-1} inited
2022-05-15 12:38:55.820  INFO 17600 --- [main] m.s.utils.RedisIDGeneratorTest           : Started RedisIDGeneratorTest in 4.828 seconds (JVM running for 5.892)
2022-05-15 12:40:07.339  INFO 17600 --- [SpringApplicationShutdownHook] com.alibaba.druid.pool.DruidDataSource   : {dataSource-1} closing ...
2022-05-15 12:40:07.340  INFO 17600 --- [SpringApplicationShutdownHook] com.alibaba.druid.pool.DruidDataSource   : {dataSource-1} closed
2022-05-15 12:40:17.303  INFO 19684 --- [main] m.s.utils.RedisIDGeneratorTest           : Starting RedisIDGeneratorTest using Java 16.0.2 on mao with PID 19684 (started by mao in H:\程序\大三下期\spring_boot_redis_hmdp全局id生成器)
2022-05-15 12:40:17.304 DEBUG 19684 --- [main] m.s.utils.RedisIDGeneratorTest           : Running with Spring Boot v2.6.7, Spring v5.3.19
2022-05-15 12:40:17.304  INFO 19684 --- [main] m.s.utils.RedisIDGeneratorTest           : The following 1 profile is active: "dev"
2022-05-15 12:40:18.047  INFO 19684 --- [main] .s.d.r.c.RepositoryConfigurationDelegate : Multiple Spring Data modules found, entering strict repository configuration mode!
2022-05-15 12:40:18.050  INFO 19684 --- [main] .s.d.r.c.RepositoryConfigurationDelegate : Bootstrapping Spring Data Redis repositories in DEFAULT mode.
2022-05-15 12:40:18.079  INFO 19684 --- [main] .s.d.r.c.RepositoryConfigurationDelegate : Finished Spring Data repository scanning in 16 ms. Found 0 Redis repository interfaces.
2022-05-15 12:40:19.006  INFO 19684 --- [main] c.a.d.s.b.a.DruidDataSourceAutoConfigure : Init DruidDataSource
2022-05-15 12:40:19.283  INFO 19684 --- [main] com.alibaba.druid.pool.DruidDataSource   : {dataSource-1} inited
2022-05-15 12:40:21.751  INFO 19684 --- [main] m.s.utils.RedisIDGeneratorTest           : Started RedisIDGeneratorTest in 4.881 seconds (JVM running for 5.871)
2022-05-15 12:40:24.170  INFO 19684 --- [SpringApplicationShutdownHook] com.alibaba.druid.pool.DruidDataSource   : {dataSource-1} closing ...
2022-05-15 12:40:24.172  INFO 19684 --- [SpringApplicationShutdownHook] com.alibaba.druid.pool.DruidDataSource   : {dataSource-1} closed
2022-05-15 12:40:58.285  INFO 4384 --- [main] m.s.utils.RedisIDGeneratorTest           : Starting RedisIDGeneratorTest using Java 16.0.2 on mao with PID 4384 (started by mao in H:\程序\大三下期\spring_boot_redis_hmdp全局id生成器)
2022-05-15 12:40:58.287 DEBUG 4384 --- [main] m.s.utils.RedisIDGeneratorTest           : Running with Spring Boot v2.6.7, Spring v5.3.19
2022-05-15 12:40:58.287  INFO 4384 --- [main] m.s.utils.RedisIDGeneratorTest           : The following 1 profile is active: "dev"
2022-05-15 12:40:59.031  INFO 4384 --- [main] .s.d.r.c.RepositoryConfigurationDelegate : Multiple Spring Data modules found, entering strict repository configuration mode!
2022-05-15 12:40:59.035  INFO 4384 --- [main] .s.d.r.c.RepositoryConfigurationDelegate : Bootstrapping Spring Data Redis repositories in DEFAULT mode.
2022-05-15 12:40:59.064  INFO 4384 --- [main] .s.d.r.c.RepositoryConfigurationDelegate : Finished Spring Data repository scanning in 15 ms. Found 0 Redis repository interfaces.
2022-05-15 12:40:59.954  INFO 4384 --- [main] c.a.d.s.b.a.DruidDataSourceAutoConfigure : Init DruidDataSource
2022-05-15 12:41:00.212  INFO 4384 --- [main] com.alibaba.druid.pool.DruidDataSource   : {dataSource-1} inited
2022-05-15 12:41:02.583  INFO 4384 --- [main] m.s.utils.RedisIDGeneratorTest           : Started RedisIDGeneratorTest in 4.722 seconds (JVM running for 5.72)
2022-05-15 12:41:05.074  INFO 4384 --- [SpringApplicationShutdownHook] com.alibaba.druid.pool.DruidDataSource   : {dataSource-1} closing ...
2022-05-15 12:41:05.076  INFO 4384 --- [SpringApplicationShutdownHook] com.alibaba.druid.pool.DruidDataSource   : {dataSource-1} closed
2022-05-15 12:42:49.195  INFO 11276 --- [main] m.s.utils.RedisIDGeneratorTest           : Starting RedisIDGeneratorTest using Java 16.0.2 on mao with PID 11276 (started by mao in H:\程序\大三下期\spring_boot_redis_hmdp全局id生成器)
2022-05-15 12:42:49.196 DEBUG 11276 --- [main] m.s.utils.RedisIDGeneratorTest           : Running with Spring Boot v2.6.7, Spring v5.3.19
2022-05-15 12:42:49.197  INFO 11276 --- [main] m.s.utils.RedisIDGeneratorTest           : The following 1 profile is active: "dev"
2022-05-15 12:42:49.977  INFO 11276 --- [main] .s.d.r.c.RepositoryConfigurationDelegate : Multiple Spring Data modules found, entering strict repository configuration mode!
2022-05-15 12:42:49.981  INFO 11276 --- [main] .s.d.r.c.RepositoryConfigurationDelegate : Bootstrapping Spring Data Redis repositories in DEFAULT mode.
2022-05-15 12:42:50.011  INFO 11276 --- [main] .s.d.r.c.RepositoryConfigurationDelegate : Finished Spring Data repository scanning in 16 ms. Found 0 Redis repository interfaces.
2022-05-15 12:42:50.887  INFO 11276 --- [main] c.a.d.s.b.a.DruidDataSourceAutoConfigure : Init DruidDataSource
2022-05-15 12:42:51.131  INFO 11276 --- [main] com.alibaba.druid.pool.DruidDataSource   : {dataSource-1} inited
2022-05-15 12:42:53.538  INFO 11276 --- [main] m.s.utils.RedisIDGeneratorTest           : Started RedisIDGeneratorTest in 4.797 seconds (JVM running for 5.773)
2022-05-15 12:42:56.179  INFO 11276 --- [SpringApplicationShutdownHook] com.alibaba.druid.pool.DruidDataSource   : {dataSource-1} closing ...
2022-05-15 12:42:56.181  INFO 11276 --- [SpringApplicationShutdownHook] com.alibaba.druid.pool.DruidDataSource   : {dataSource-1} closed
2022-05-15 12:46:05.811  INFO 11880 --- [main] disHmdpGlobalIdGeneratorApplicationTests : Starting SpringBootRedisHmdpGlobalIdGeneratorApplicationTests using Java 16.0.2 on mao with PID 11880 (started by mao in H:\程序\大三下期\spring_boot_redis_hmdp全局id生成器)
2022-05-15 12:46:05.813 DEBUG 11880 --- [main] disHmdpGlobalIdGeneratorApplicationTests : Running with Spring Boot v2.6.7, Spring v5.3.19
2022-05-15 12:46:05.814  INFO 11880 --- [main] disHmdpGlobalIdGeneratorApplicationTests : The following 1 profile is active: "dev"
2022-05-15 12:46:06.612  INFO 11880 --- [main] .s.d.r.c.RepositoryConfigurationDelegate : Multiple Spring Data modules found, entering strict repository configuration mode!
2022-05-15 12:46:06.616  INFO 11880 --- [main] .s.d.r.c.RepositoryConfigurationDelegate : Bootstrapping Spring Data Redis repositories in DEFAULT mode.
2022-05-15 12:46:06.658  INFO 11880 --- [main] .s.d.r.c.RepositoryConfigurationDelegate : Finished Spring Data repository scanning in 17 ms. Found 0 Redis repository interfaces.
2022-05-15 12:46:07.516  INFO 11880 --- [main] c.a.d.s.b.a.DruidDataSourceAutoConfigure : Init DruidDataSource
2022-05-15 12:46:07.782  INFO 11880 --- [main] com.alibaba.druid.pool.DruidDataSource   : {dataSource-1} inited
2022-05-15 12:46:10.057  INFO 11880 --- [main] disHmdpGlobalIdGeneratorApplicationTests : Started SpringBootRedisHmdpGlobalIdGeneratorApplicationTests in 4.663 seconds (JVM running for 5.569)
2022-05-15 12:46:10.632  INFO 11880 --- [main] .b.t.c.SpringBootTestContextBootstrapper : Neither @ContextConfiguration nor @ContextHierarchy found for test class [mao.spring_boot_redis_hmdp.utils.RedisIDGeneratorTest], using SpringBootContextLoader
2022-05-15 12:46:10.634  INFO 11880 --- [main] o.s.t.c.support.AbstractContextLoader    : Could not detect default resource locations for test class [mao.spring_boot_redis_hmdp.utils.RedisIDGeneratorTest]: no resource found for suffixes {-context.xml, Context.groovy}.
2022-05-15 12:46:10.634  INFO 11880 --- [main] t.c.s.AnnotationConfigContextLoaderUtils : Could not detect default configuration classes for test class [mao.spring_boot_redis_hmdp.utils.RedisIDGeneratorTest]: RedisIDGeneratorTest does not declare any static, non-private, non-final, nested classes annotated with @Configuration.
2022-05-15 12:46:10.641  INFO 11880 --- [main] .b.t.c.SpringBootTestContextBootstrapper : Found @SpringBootConfiguration mao.spring_boot_redis_hmdp.SpringBootRedisHmdpGlobalIdGeneratorApplication for test class mao.spring_boot_redis_hmdp.utils.RedisIDGeneratorTest
2022-05-15 12:46:10.644  INFO 11880 --- [main] .b.t.c.SpringBootTestContextBootstrapper : Loaded default TestExecutionListener class names from location [META-INF/spring.factories]: [org.springframework.boot.test.mock.mockito.MockitoTestExecutionListener, org.springframework.boot.test.mock.mockito.ResetMocksTestExecutionListener, org.springframework.boot.test.autoconfigure.restdocs.RestDocsTestExecutionListener, org.springframework.boot.test.autoconfigure.web.client.MockRestServiceServerResetTestExecutionListener, org.springframework.boot.test.autoconfigure.web.servlet.MockMvcPrintOnlyOnFailureTestExecutionListener, org.springframework.boot.test.autoconfigure.web.servlet.WebDriverTestExecutionListener, org.springframework.boot.test.autoconfigure.webservices.client.MockWebServiceServerTestExecutionListener, org.springframework.test.context.web.ServletTestExecutionListener, org.springframework.test.context.support.DirtiesContextBeforeModesTestExecutionListener, org.springframework.test.context.event.ApplicationEventsTestExecutionListener, org.springframework.test.context.support.DependencyInjectionTestExecutionListener, org.springframework.test.context.support.DirtiesContextTestExecutionListener, org.springframework.test.context.transaction.TransactionalTestExecutionListener, org.springframework.test.context.jdbc.SqlScriptsTestExecutionListener, org.springframework.test.context.event.EventPublishingTestExecutionListener]
2022-05-15 12:46:10.644  INFO 11880 --- [main] .b.t.c.SpringBootTestContextBootstrapper : Using TestExecutionListeners: [org.springframework.test.context.web.ServletTestExecutionListener@5016f1a, org.springframework.test.context.support.DirtiesContextBeforeModesTestExecutionListener@33bfe6d3, org.springframework.test.context.event.ApplicationEventsTestExecutionListener@56dde9f7, org.springframework.boot.test.mock.mockito.MockitoTestExecutionListener@4b2acb12, org.springframework.boot.test.autoconfigure.SpringBootDependencyInjectionTestExecutionListener@455d04d2, org.springframework.test.context.support.DirtiesContextTestExecutionListener@998fbd4, org.springframework.test.context.transaction.TransactionalTestExecutionListener@30333941, org.springframework.test.context.jdbc.SqlScriptsTestExecutionListener@2d5c160e, org.springframework.test.context.event.EventPublishingTestExecutionListener@8afce3, org.springframework.boot.test.mock.mockito.ResetMocksTestExecutionListener@4e02f17d, org.springframework.boot.test.autoconfigure.restdocs.RestDocsTestExecutionListener@675230cd, org.springframework.boot.test.autoconfigure.web.client.MockRestServiceServerResetTestExecutionListener@2a73a64f, org.springframework.boot.test.autoconfigure.web.servlet.MockMvcPrintOnlyOnFailureTestExecutionListener@7dc92a06, org.springframework.boot.test.autoconfigure.web.servlet.WebDriverTestExecutionListener@2419a5db, org.springframework.boot.test.autoconfigure.webservices.client.MockWebServiceServerTestExecutionListener@52bb3dcd]
2022-05-15 12:46:12.531  INFO 11880 --- [SpringApplicationShutdownHook] com.alibaba.druid.pool.DruidDataSource   : {dataSource-1} closing ...
2022-05-15 12:46:12.533  INFO 11880 --- [SpringApplicationShutdownHook] com.alibaba.druid.pool.DruidDataSource   : {dataSource-1} closed
